[18Jul2022 00:00:08.214] [Server thread/WARN] [net.minecraft.server.MinecraftServer/]: Can't keep up! Is the server overloaded? Running 3045ms or 60 ticks behind
[18Jul2022 00:00:28.247] [Server thread/WARN] [net.minecraft.server.MinecraftServer/]: Can't keep up! Is the server overloaded? Running 2078ms or 41 ticks behind
[18Jul2022 00:00:54.374] [Server thread/WARN] [net.minecraft.server.MinecraftServer/]: Can't keep up! Is the server overloaded? Running 2255ms or 45 ticks behind
[18Jul2022 00:01:13.123] [Server thread/WARN] [net.minecraft.server.MinecraftServer/]: Can't keep up! Is the server overloaded? Running 3754ms or 75 ticks behind
[18Jul2022 00:01:32.568] [Server thread/WARN] [net.minecraft.server.MinecraftServer/]: Can't keep up! Is the server overloaded? Running 4449ms or 88 ticks behind
[18Jul2022 00:01:49.561] [Server thread/WARN] [net.minecraft.server.MinecraftServer/]: Can't keep up! Is the server overloaded? Running 2042ms or 40 ticks behind
[18Jul2022 00:02:07.587] [Server thread/WARN] [net.minecraft.server.MinecraftServer/]: Can't keep up! Is the server overloaded? Running 3068ms or 61 ticks behind
[18Jul2022 00:02:27.213] [Server thread/WARN] [net.minecraft.server.MinecraftServer/]: Can't keep up! Is the server overloaded? Running 4644ms or 92 ticks behind
[18Jul2022 00:02:48.415] [Server thread/WARN] [net.minecraft.server.MinecraftServer/]: Can't keep up! Is the server overloaded? Running 6246ms or 124 ticks behind
[18Jul2022 00:03:06.743] [Server thread/WARN] [net.minecraft.server.MinecraftServer/]: Can't keep up! Is the server overloaded? Running 3374ms or 67 ticks behind
[18Jul2022 00:03:24.795] [Server thread/WARN] [net.minecraft.server.MinecraftServer/]: Can't keep up! Is the server overloaded? Running 3076ms or 61 ticks behind
[18Jul2022 00:03:27.476] [Server thread/INFO] [net.minecraft.server.MinecraftServer/]: Lukomanchuko has made the advancement [The Parrots and the Bats]
[18Jul2022 00:03:43.011] [Server thread/WARN] [net.minecraft.server.MinecraftServer/]: Can't keep up! Is the server overloaded? Running 3242ms or 64 ticks behind
[18Jul2022 00:03:57.165] [Server thread/INFO] [net.minecraft.server.network.ServerGamePacketListenerImpl/]: havebowwillfire lost connection: Disconnected
[18Jul2022 00:03:57.165] [Server thread/INFO] [net.minecraft.server.MinecraftServer/]: havebowwillfire left the game
[18Jul2022 00:04:00.285] [Server thread/WARN] [net.minecraft.server.MinecraftServer/]: Can't keep up! Is the server overloaded? Running 2316ms or 46 ticks behind
[18Jul2022 00:04:48.770] [Server thread/WARN] [net.minecraft.server.MinecraftServer/]: Can't keep up! Is the server overloaded? Running 2002ms or 40 ticks behind
[18Jul2022 00:05:15.970] [Server thread/WARN] [net.minecraft.server.MinecraftServer/]: Can't keep up! Is the server overloaded? Running 2001ms or 40 ticks behind
[18Jul2022 00:05:37.427] [Server thread/WARN] [net.minecraft.server.MinecraftServer/]: Can't keep up! Is the server overloaded? Running 2008ms or 40 ticks behind
[18Jul2022 00:05:55.220] [Server thread/WARN] [net.minecraft.server.MinecraftServer/]: Can't keep up! Is the server overloaded? Running 2801ms or 56 ticks behind
[18Jul2022 00:06:12.571] [Server thread/WARN] [net.minecraft.server.MinecraftServer/]: Can't keep up! Is the server overloaded? Running 2002ms or 40 ticks behind
[18Jul2022 00:06:46.121] [Server thread/WARN] [net.minecraft.server.MinecraftServer/]: Can't keep up! Is the server overloaded? Running 2003ms or 40 ticks behind
[18Jul2022 00:07:30.785] [Server thread/WARN] [net.minecraft.server.MinecraftServer/]: Can't keep up! Is the server overloaded? Running 2016ms or 40 ticks behind
[18Jul2022 00:08:06.032] [Server thread/WARN] [net.minecraft.server.MinecraftServer/]: Can't keep up! Is the server overloaded? Running 2013ms or 40 ticks behind
[18Jul2022 00:09:12.419] [Server thread/WARN] [net.minecraft.server.MinecraftServer/]: Can't keep up! Is the server overloaded? Running 2001ms or 40 ticks behind
[18Jul2022 00:09:48.321] [Server thread/WARN] [net.minecraft.server.MinecraftServer/]: Can't keep up! Is the server overloaded? Running 2002ms or 40 ticks behind
[18Jul2022 00:10:13.891] [Server thread/WARN] [net.minecraft.server.MinecraftServer/]: Can't keep up! Is the server overloaded? Running 2022ms or 40 ticks behind
[18Jul2022 00:10:44.122] [Server thread/WARN] [net.minecraft.server.MinecraftServer/]: Can't keep up! Is the server overloaded? Running 2003ms or 40 ticks behind
[18Jul2022 00:10:56.518] [Server thread/INFO] [net.minecraft.server.MinecraftServer/]: <Epicsalad23> e
[18Jul2022 00:11:35.963] [Server thread/WARN] [net.minecraft.server.MinecraftServer/]: Can't keep up! Is the server overloaded? Running 2244ms or 44 ticks behind
[18Jul2022 00:12:23.406] [Server thread/INFO] [net.minecraft.server.MinecraftServer/]: <Lukomanchuko> ./kill peyton
[18Jul2022 00:12:37.809] [Server thread/INFO] [net.minecraft.server.MinecraftServer/]: <Epicsalad23> ./kill peyton
[18Jul2022 00:12:43.888] [Server thread/INFO] [net.minecraft.server.MinecraftServer/]: <JuiceboxJamm> ./kill peyton
[18Jul2022 00:12:44.886] [Server thread/INFO] [net.minecraft.server.MinecraftServer/]: <MythicalWarlord1> e./kill peyton
[18Jul2022 00:15:00.392] [Server thread/WARN] [net.minecraft.server.MinecraftServer/]: Can't keep up! Is the server overloaded? Running 2023ms or 40 ticks behind
[18Jul2022 00:16:42.582] [Server thread/WARN] [net.minecraft.server.level.ServerPlayerGameMode/]: Mismatch in destroy block pos: BlockPos{x=-100, y=70, z=-171} BlockPos{x=-101, y=69, z=-170}
[18Jul2022 00:16:42.633] [Server thread/WARN] [net.minecraft.server.level.ServerPlayerGameMode/]: Mismatch in destroy block pos: BlockPos{x=-100, y=70, z=-171} BlockPos{x=-101, y=69, z=-170}
[18Jul2022 00:17:07.847] [User Authenticator #77/INFO] [net.minecraft.server.network.ServerLoginPacketListenerImpl/]: UUID of player Brandominos is 1899cf9e-3d62-4b23-9a27-d5fe4c2a4451
[18Jul2022 00:17:07.954] [Server thread/INFO] [net.minecraftforge.common.AdvancementLoadFix/]: Using new advancement loading for net.minecraft.server.PlayerAdvancements@14d55dfd
[18Jul2022 00:17:07.959] [Server thread/INFO] [net.minecraft.server.players.PlayerList/]: Brandominos[/184.17.89.198:51129] logged in with entity id 506816 at (657.859161294706, 116.5625, -1339.319042516618)
[18Jul2022 00:17:07.961] [Server thread/INFO] [net.minecraft.server.MinecraftServer/]: Brandominos joined the game
[18Jul2022 00:17:09.934] [Server thread/WARN] [net.minecraft.server.MinecraftServer/]: Can't keep up! Is the server overloaded? Running 3165ms or 63 ticks behind
[18Jul2022 00:17:28.552] [Server thread/WARN] [net.minecraft.server.MinecraftServer/]: Can't keep up! Is the server overloaded? Running 3633ms or 72 ticks behind
[18Jul2022 00:17:48.198] [Server thread/WARN] [net.minecraft.server.MinecraftServer/]: Can't keep up! Is the server overloaded? Running 4679ms or 93 ticks behind
[18Jul2022 00:18:07.952] [Server thread/WARN] [net.minecraft.server.MinecraftServer/]: Can't keep up! Is the server overloaded? Running 4784ms or 95 ticks behind
[18Jul2022 00:18:29.329] [Server thread/WARN] [net.minecraft.server.MinecraftServer/]: Can't keep up! Is the server overloaded? Running 6410ms or 128 ticks behind
[18Jul2022 00:18:49.843] [Server thread/WARN] [net.minecraft.server.MinecraftServer/]: Can't keep up! Is the server overloaded? Running 5524ms or 110 ticks behind
[18Jul2022 00:19:10.049] [Server thread/WARN] [net.minecraft.server.MinecraftServer/]: Can't keep up! Is the server overloaded? Running 5230ms or 104 ticks behind
[18Jul2022 00:19:31.232] [Server thread/WARN] [net.minecraft.server.MinecraftServer/]: Can't keep up! Is the server overloaded? Running 6213ms or 124 ticks behind
[18Jul2022 00:19:52.131] [Server thread/WARN] [net.minecraft.server.MinecraftServer/]: Can't keep up! Is the server overloaded? Running 5912ms or 118 ticks behind
[18Jul2022 00:20:13.659] [Server thread/WARN] [net.minecraft.server.MinecraftServer/]: Can't keep up! Is the server overloaded? Running 6541ms or 130 ticks behind
[18Jul2022 00:20:33.416] [Server thread/WARN] [net.minecraft.server.MinecraftServer/]: Can't keep up! Is the server overloaded? Running 4797ms or 95 ticks behind
[18Jul2022 00:20:53.412] [Server thread/WARN] [net.minecraft.server.MinecraftServer/]: Can't keep up! Is the server overloaded? Running 5043ms or 100 ticks behind
[18Jul2022 00:21:12.019] [Server thread/WARN] [net.minecraft.server.MinecraftServer/]: Can't keep up! Is the server overloaded? Running 3650ms or 73 ticks behind
[18Jul2022 00:21:29.173] [Server thread/WARN] [net.minecraft.server.MinecraftServer/]: Can't keep up! Is the server overloaded? Running 2004ms or 40 ticks behind
[18Jul2022 00:21:50.773] [Server thread/WARN] [net.minecraft.server.MinecraftServer/]: Can't keep up! Is the server overloaded? Running 2004ms or 40 ticks behind
[18Jul2022 00:22:08.101] [Server thread/WARN] [net.minecraft.server.MinecraftServer/]: Can't keep up! Is the server overloaded? Running 2332ms or 46 ticks behind
[18Jul2022 00:22:26.621] [Server thread/WARN] [net.minecraft.server.MinecraftServer/]: Can't keep up! Is the server overloaded? Running 3553ms or 71 ticks behind
[18Jul2022 00:22:44.507] [Server thread/WARN] [net.minecraft.server.MinecraftServer/]: Can't keep up! Is the server overloaded? Running 2889ms or 57 ticks behind
[18Jul2022 00:23:02.153] [Server thread/WARN] [net.minecraft.server.MinecraftServer/]: Can't keep up! Is the server overloaded? Running 2684ms or 53 ticks behind
[18Jul2022 00:23:19.709] [Server thread/WARN] [net.minecraft.server.MinecraftServer/]: Can't keep up! Is the server overloaded? Running 2590ms or 51 ticks behind
[18Jul2022 00:23:44.825] [Server thread/WARN] [net.minecraft.server.MinecraftServer/]: Can't keep up! Is the server overloaded? Running 2006ms or 40 ticks behind
[18Jul2022 00:24:02.108] [Server thread/WARN] [net.minecraft.server.MinecraftServer/]: Can't keep up! Is the server overloaded? Running 2289ms or 45 ticks behind
[18Jul2022 00:24:19.197] [Server thread/WARN] [net.minecraft.server.MinecraftServer/]: Can't keep up! Is the server overloaded? Running 2128ms or 42 ticks behind
[18Jul2022 00:24:43.106] [Server thread/INFO] [net.minecraft.server.network.ServerGamePacketListenerImpl/]: Epicsalad23 lost connection: Disconnected
[18Jul2022 00:24:43.106] [Server thread/INFO] [net.minecraft.server.MinecraftServer/]: Epicsalad23 left the game
[18Jul2022 00:24:45.535] [Server thread/INFO] [net.minecraft.server.network.ServerGamePacketListenerImpl/]: Lukomanchuko lost connection: Disconnected
[18Jul2022 00:24:45.535] [Server thread/INFO] [net.minecraft.server.MinecraftServer/]: Lukomanchuko left the game
[18Jul2022 00:24:48.514] [Server thread/INFO] [net.minecraft.server.network.ServerGamePacketListenerImpl/]: MythicalWarlord1 lost connection: Disconnected
[18Jul2022 00:24:48.514] [Server thread/INFO] [net.minecraft.server.MinecraftServer/]: MythicalWarlord1 left the game
[18Jul2022 00:24:55.819] [User Authenticator #78/INFO] [net.minecraft.server.network.ServerLoginPacketListenerImpl/]: UUID of player MythicalWarlord1 is d710765b-6ae0-4701-8dba-117b2d451155
[18Jul2022 00:24:55.962] [Server thread/INFO] [net.minecraftforge.common.AdvancementLoadFix/]: Using new advancement loading for net.minecraft.server.PlayerAdvancements@305f6294
[18Jul2022 00:24:55.967] [Server thread/INFO] [net.minecraft.server.players.PlayerList/]: MythicalWarlord1[/98.222.117.3:35962] logged in with entity id 513844 at (124.76252075401678, 86.0, -468.98231774084053)
[18Jul2022 00:24:55.970] [Server thread/INFO] [net.minecraft.server.MinecraftServer/]: MythicalWarlord1 joined the game
[18Jul2022 00:24:59.298] [Server thread/INFO] [net.minecraft.server.network.ServerLoginPacketListenerImpl/]: com.mojang.authlib.GameProfile@1881dcdc[id=<null>,name=Epicsalad23,properties={},legacy=false] (/150.195.114.139:60090) lost connection: Disconnected
[18Jul2022 00:24:59.468] [User Authenticator #79/INFO] [net.minecraft.server.network.ServerLoginPacketListenerImpl/]: UUID of player Lukomanchuko is 83308f6a-bb76-446f-8328-b5309a4d1ed3
[18Jul2022 00:24:59.534] [Server thread/INFO] [net.minecraftforge.common.AdvancementLoadFix/]: Using new advancement loading for net.minecraft.server.PlayerAdvancements@68d90458
[18Jul2022 00:24:59.538] [Server thread/INFO] [net.minecraft.server.players.PlayerList/]: Lukomanchuko[/173.16.243.19:53022] logged in with entity id 513998 at (108.27157679817833, 85.9375, -492.60277232769226)
[18Jul2022 00:24:59.540] [Server thread/INFO] [net.minecraft.server.MinecraftServer/]: Lukomanchuko joined the game
[18Jul2022 00:25:13.686] [Server thread/INFO] [net.minecraft.server.network.ServerLoginPacketListenerImpl/]: com.mojang.authlib.GameProfile@4117207e[id=<null>,name=Epicsalad23,properties={},legacy=false] (/150.195.114.139:60103) lost connection: Disconnected
[18Jul2022 00:27:13.781] [Server thread/WARN] [net.minecraft.server.MinecraftServer/]: Can't keep up! Is the server overloaded? Running 2012ms or 40 ticks behind
[18Jul2022 00:27:43.577] [Server thread/WARN] [net.minecraft.server.MinecraftServer/]: Can't keep up! Is the server overloaded? Running 2008ms or 40 ticks behind
[18Jul2022 00:28:00.844] [Server thread/WARN] [net.minecraft.server.MinecraftServer/]: Can't keep up! Is the server overloaded? Running 2275ms or 45 ticks behind
[18Jul2022 00:28:18.377] [Server thread/WARN] [net.minecraft.server.MinecraftServer/]: Can't keep up! Is the server overloaded? Running 2008ms or 40 ticks behind
[18Jul2022 00:28:19.510] [User Authenticator #80/INFO] [net.minecraft.server.network.ServerLoginPacketListenerImpl/]: UUID of player Epicsalad23 is 1d2416c7-6512-460f-a236-d7a7956b96f6
[18Jul2022 00:28:19.600] [Server thread/INFO] [net.minecraftforge.common.AdvancementLoadFix/]: Using new advancement loading for net.minecraft.server.PlayerAdvancements@7ff5250b
[18Jul2022 00:28:19.606] [Server thread/INFO] [net.minecraft.server.players.PlayerList/]: Epicsalad23[/150.195.114.139:52464] logged in with entity id 516351 at (658.4082245145262, 116.0, -1347.3942453892369)
[18Jul2022 00:28:19.609] [Server thread/INFO] [net.minecraft.server.MinecraftServer/]: Epicsalad23 joined the game
[18Jul2022 00:28:40.105] [Server thread/WARN] [net.minecraft.server.MinecraftServer/]: Can't keep up! Is the server overloaded? Running 2036ms or 40 ticks behind
[18Jul2022 00:28:52.530] [Server thread/INFO] [net.minecraft.server.network.ServerGamePacketListenerImpl/]: JuiceboxJamm lost connection: Disconnected
[18Jul2022 00:28:52.531] [Server thread/INFO] [net.minecraft.server.MinecraftServer/]: JuiceboxJamm left the game
[18Jul2022 00:29:32.443] [Server thread/INFO] [net.minecraft.server.network.ServerGamePacketListenerImpl/]: MythicalWarlord1 lost connection: Disconnected
[18Jul2022 00:29:32.444] [Server thread/INFO] [net.minecraft.server.MinecraftServer/]: MythicalWarlord1 left the game
[18Jul2022 00:30:19.173] [Server thread/WARN] [net.minecraft.server.MinecraftServer/]: Can't keep up! Is the server overloaded? Running 2504ms or 50 ticks behind
[18Jul2022 00:33:28.393] [Server thread/INFO] [net.minecraft.server.network.ServerGamePacketListenerImpl/]: floorcarpet lost connection: Disconnected
[18Jul2022 00:33:28.393] [Server thread/INFO] [net.minecraft.server.MinecraftServer/]: floorcarpet left the game
[18Jul2022 00:36:14.256] [Server thread/INFO] [net.minecraft.server.MinecraftServer/]: <Brandominos> kill peyton
[18Jul2022 00:45:50.107] [Server thread/INFO] [net.minecraft.server.MinecraftServer/]: Lukomanchuko has made the advancement [Isn't It Iron Pick]
[18Jul2022 00:47:14.362] [Server thread/INFO] [net.minecraft.server.MinecraftServer/]: <Lukomanchuko> cleep
[18Jul2022 00:47:16.819] [Server thread/INFO] [net.minecraft.server.network.ServerGamePacketListenerImpl/]: Epicsalad23 lost connection: Disconnected
[18Jul2022 00:47:16.819] [Server thread/INFO] [net.minecraft.server.MinecraftServer/]: Epicsalad23 left the game
[18Jul2022 00:48:12.601] [Server thread/INFO] [net.minecraft.server.network.ServerLoginPacketListenerImpl/]: com.mojang.authlib.GameProfile@12b9b9ba[id=<null>,name=Epicsalad23,properties={},legacy=false] (/150.195.114.139:53367) lost connection: Disconnected
[18Jul2022 00:48:24.939] [User Authenticator #81/INFO] [net.minecraft.server.network.ServerLoginPacketListenerImpl/]: UUID of player Epicsalad23 is 1d2416c7-6512-460f-a236-d7a7956b96f6
[18Jul2022 00:48:25.012] [Server thread/INFO] [net.minecraftforge.common.AdvancementLoadFix/]: Using new advancement loading for net.minecraft.server.PlayerAdvancements@3b827ee
[18Jul2022 00:48:25.019] [Server thread/INFO] [net.minecraft.server.players.PlayerList/]: Epicsalad23[/150.195.114.139:53412] logged in with entity id 531576 at (-982.1995195258875, -14.0, -573.9114819388013)
[18Jul2022 00:48:25.023] [Server thread/INFO] [net.minecraft.server.MinecraftServer/]: Epicsalad23 joined the game
[18Jul2022 00:48:27.972] [Server thread/WARN] [net.minecraft.server.MinecraftServer/]: Can't keep up! Is the server overloaded? Running 2953ms or 59 ticks behind
[18Jul2022 00:49:56.616] [Server thread/INFO] [net.minecraft.server.MinecraftServer/]: Lukomanchuko has made the advancement [Suit Up]
[18Jul2022 00:52:08.595] [Server thread/WARN] [net.minecraft.server.MinecraftServer/]: Can't keep up! Is the server overloaded? Running 2026ms or 40 ticks behind
[18Jul2022 00:55:00.992] [Server thread/INFO] [net.minecraft.server.MinecraftServer/]: Lukomanchuko was slain by Zombie
[18Jul2022 00:55:49.008] [Server thread/WARN] [net.minecraft.server.network.ServerGamePacketListenerImpl/]: Lukomanchuko moved too quickly! -9.688761972364603,2.252203340253722,1.2417854965225388
[18Jul2022 00:55:49.054] [Server thread/WARN] [net.minecraft.server.MinecraftServer/]: Can't keep up! Is the server overloaded? Running 2935ms or 58 ticks behind
[18Jul2022 00:55:57.790] [Server thread/INFO] [net.minecraft.server.MinecraftServer/]: Lukomanchuko was shot by Skeleton
[18Jul2022 01:00:09.837] [Server thread/INFO] [net.minecraft.server.MinecraftServer/]: Lukomanchuko was blown up by Creeper
[18Jul2022 01:02:33.013] [Server thread/WARN] [net.minecraft.server.MinecraftServer/]: Can't keep up! Is the server overloaded? Running 2494ms or 49 ticks behind
[18Jul2022 01:09:36.439] [Server thread/WARN] [net.minecraft.server.MinecraftServer/]: Can't keep up! Is the server overloaded? Running 2570ms or 51 ticks behind
[18Jul2022 01:14:17.162] [Server thread/INFO] [net.minecraft.server.network.ServerGamePacketListenerImpl/]: Lukomanchuko lost connection: Disconnected
[18Jul2022 01:14:17.162] [Server thread/INFO] [net.minecraft.server.MinecraftServer/]: Lukomanchuko left the game
[18Jul2022 01:14:30.639] [User Authenticator #82/INFO] [net.minecraft.server.network.ServerLoginPacketListenerImpl/]: UUID of player Lukomanchuko is 83308f6a-bb76-446f-8328-b5309a4d1ed3
[18Jul2022 01:14:30.714] [Server thread/INFO] [net.minecraftforge.common.AdvancementLoadFix/]: Using new advancement loading for net.minecraft.server.PlayerAdvancements@109fcf2e
[18Jul2022 01:14:30.719] [Server thread/INFO] [net.minecraft.server.players.PlayerList/]: Lukomanchuko[/173.16.243.19:52198] logged in with entity id 549236 at (-108.57313386141533, 16.0, -642.7556452174505)
[18Jul2022 01:14:30.722] [Server thread/INFO] [net.minecraft.server.MinecraftServer/]: Lukomanchuko joined the game
[18Jul2022 01:14:33.643] [Server thread/WARN] [net.minecraft.server.MinecraftServer/]: Can't keep up! Is the server overloaded? Running 2924ms or 58 ticks behind
[18Jul2022 01:16:33.900] [Server thread/WARN] [net.minecraft.server.MinecraftServer/]: Can't keep up! Is the server overloaded? Running 2481ms or 49 ticks behind
[18Jul2022 01:19:49.295] [Server thread/WARN] [net.minecraft.server.MinecraftServer/]: Can't keep up! Is the server overloaded? Running 2026ms or 40 ticks behind
[18Jul2022 01:22:25.231] [Server thread/WARN] [net.minecraft.server.MinecraftServer/]: Can't keep up! Is the server overloaded? Running 2913ms or 58 ticks behind
[18Jul2022 01:34:42.070] [Server thread/INFO] [net.minecraft.server.MinecraftServer/]: <Lukomanchuko> ./seed
[18Jul2022 01:47:51.197] [Server thread/INFO] [net.minecraft.server.MinecraftServer/]: Lukomanchuko has made the advancement [Not Today, Thank You]
[18Jul2022 01:52:39.294] [Server thread/INFO] [net.minecraft.server.MinecraftServer/]: Lukomanchuko was slain by Enderman
[18Jul2022 01:53:23.559] [Server thread/INFO] [net.minecraft.server.network.ServerGamePacketListenerImpl/]: Lukomanchuko lost connection: Disconnected
[18Jul2022 01:53:23.559] [Server thread/INFO] [net.minecraft.server.MinecraftServer/]: Lukomanchuko left the game
[18Jul2022 02:15:13.450] [User Authenticator #83/INFO] [net.minecraft.server.network.ServerLoginPacketListenerImpl/]: UUID of player floorcarpet is 843bf4c4-6ac1-40dc-a890-3671302c2f5a
[18Jul2022 02:15:13.531] [Server thread/INFO] [net.minecraftforge.common.AdvancementLoadFix/]: Using new advancement loading for net.minecraft.server.PlayerAdvancements@385140a4
[18Jul2022 02:15:13.539] [Server thread/INFO] [net.minecraft.server.players.PlayerList/]: floorcarpet[/68.39.49.90:57637] logged in with entity id 582911 at (580.1817298514463, 119.0, -1139.741963406252)
[18Jul2022 02:15:13.542] [Server thread/INFO] [net.minecraft.server.MinecraftServer/]: floorcarpet joined the game
[18Jul2022 02:15:16.924] [Server thread/WARN] [net.minecraft.server.network.ServerGamePacketListenerImpl/]: Brandominos moved too quickly! 17.495281130773492,-2.6826712034931717,-4.7961862261231545
[18Jul2022 02:15:16.937] [Server thread/WARN] [net.minecraft.server.MinecraftServer/]: Can't keep up! Is the server overloaded? Running 3668ms or 73 ticks behind
[18Jul2022 02:29:59.512] [Server thread/INFO] [net.minecraft.server.MinecraftServer/]: floorcarpet fell from a high place
[18Jul2022 02:37:29.062] [Server thread/INFO] [net.minecraft.server.network.ServerGamePacketListenerImpl/]: Brandominos lost connection: Disconnected
[18Jul2022 02:37:29.062] [Server thread/INFO] [net.minecraft.server.MinecraftServer/]: Brandominos left the game
[18Jul2022 02:37:36.416] [User Authenticator #84/INFO] [net.minecraft.server.network.ServerLoginPacketListenerImpl/]: UUID of player Brandominos is 1899cf9e-3d62-4b23-9a27-d5fe4c2a4451
[18Jul2022 02:37:36.520] [Server thread/INFO] [net.minecraftforge.common.AdvancementLoadFix/]: Using new advancement loading for net.minecraft.server.PlayerAdvancements@5b9f988d
[18Jul2022 02:37:36.527] [Server thread/INFO] [net.minecraft.server.players.PlayerList/]: Brandominos[/184.17.89.198:54653] logged in with entity id 599575 at (519.6519310695162, 4.0, -1349.300000011921)
[18Jul2022 02:37:36.530] [Server thread/INFO] [net.minecraft.server.MinecraftServer/]: Brandominos joined the game
[18Jul2022 02:47:43.676] [Server thread/WARN] [net.minecraft.server.level.ServerPlayerGameMode/]: Mismatch in destroy block pos: BlockPos{x=472, y=57, z=-1395} BlockPos{x=436, y=60, z=-1393}
[18Jul2022 02:47:43.728] [Server thread/WARN] [net.minecraft.server.level.ServerPlayerGameMode/]: Mismatch in destroy block pos: BlockPos{x=472, y=57, z=-1395} BlockPos{x=436, y=60, z=-1393}
[18Jul2022 02:49:26.507] [Server thread/INFO] [net.minecraft.server.network.ServerGamePacketListenerImpl/]: Brandominos lost connection: Disconnected
[18Jul2022 02:49:26.507] [Server thread/INFO] [net.minecraft.server.MinecraftServer/]: Brandominos left the game
[18Jul2022 02:49:38.927] [User Authenticator #85/INFO] [net.minecraft.server.network.ServerLoginPacketListenerImpl/]: UUID of player Brandominos is 1899cf9e-3d62-4b23-9a27-d5fe4c2a4451
[18Jul2022 02:49:39.018] [Server thread/INFO] [net.minecraftforge.common.AdvancementLoadFix/]: Using new advancement loading for net.minecraft.server.PlayerAdvancements@3204c42f
[18Jul2022 02:49:39.025] [Server thread/INFO] [net.minecraft.server.players.PlayerList/]: Brandominos[/184.17.89.198:63531] logged in with entity id 607778 at (376.1198803698153, 66.0, -1369.1979767538558)
[18Jul2022 02:49:39.030] [Server thread/INFO] [net.minecraft.server.MinecraftServer/]: Brandominos joined the game
[18Jul2022 03:00:57.917] [Server thread/INFO] [net.minecraft.server.MinecraftServer/]: <Brandominos> slep
[18Jul2022 03:05:40.634] [Server thread/INFO] [net.minecraft.server.network.ServerGamePacketListenerImpl/]: floorcarpet lost connection: Disconnected
[18Jul2022 03:05:40.634] [Server thread/INFO] [net.minecraft.server.MinecraftServer/]: floorcarpet left the game
[18Jul2022 03:26:54.004] [Server thread/WARN] [net.minecraft.server.level.ServerPlayerGameMode/]: Mismatch in destroy block pos: BlockPos{x=-1000, y=84, z=-525} BlockPos{x=-999, y=84, z=-522}
[18Jul2022 03:29:58.659] [Server thread/WARN] [net.minecraft.server.level.ServerPlayerGameMode/]: Mismatch in destroy block pos: BlockPos{x=-1000, y=84, z=-522} BlockPos{x=-1000, y=83, z=-522}
[18Jul2022 03:37:26.613] [Server thread/INFO] [net.minecraft.server.MinecraftServer/]: <Epicsalad23> slep
[18Jul2022 03:49:06.959] [Server thread/INFO] [net.minecraft.server.network.ServerGamePacketListenerImpl/]: Brandominos lost connection: Disconnected
[18Jul2022 03:49:06.961] [Server thread/INFO] [net.minecraft.server.MinecraftServer/]: Brandominos left the game
[18Jul2022 03:50:44.384] [Server thread/INFO] [net.minecraft.server.network.ServerGamePacketListenerImpl/]: Epicsalad23 lost connection: Disconnected
[18Jul2022 03:50:44.384] [Server thread/INFO] [net.minecraft.server.MinecraftServer/]: Epicsalad23 left the game
[18Jul2022 09:09:52.773] [User Authenticator #86/INFO] [net.minecraft.server.network.ServerLoginPacketListenerImpl/]: UUID of player Serazee is d468a7c8-92b5-44cc-8c56-b8c46370459b
[18Jul2022 09:09:52.874] [Server thread/INFO] [net.minecraftforge.common.AdvancementLoadFix/]: Using new advancement loading for net.minecraft.server.PlayerAdvancements@1a536ee2
[18Jul2022 09:09:52.882] [Server thread/INFO] [net.minecraft.server.players.PlayerList/]: Serazee[/107.127.10.65:23098] logged in with entity id 641101 at (2864.768080809172, 73.0, -4709.300000011921)
[18Jul2022 09:09:52.887] [Server thread/INFO] [net.minecraft.server.MinecraftServer/]: Serazee joined the game
[18Jul2022 09:12:13.940] [Server thread/INFO] [net.minecraft.server.MinecraftServer/]: Serazee has made the advancement [Getting an Upgrade]
[18Jul2022 09:16:07.752] [Server thread/WARN] [net.minecraft.server.level.ServerPlayerGameMode/]: Mismatch in destroy block pos: BlockPos{x=2919, y=78, z=-4801} BlockPos{x=2920, y=76, z=-4800}
[18Jul2022 09:16:07.792] [Server thread/WARN] [net.minecraft.server.level.ServerPlayerGameMode/]: Mismatch in destroy block pos: BlockPos{x=2919, y=78, z=-4801} BlockPos{x=2920, y=76, z=-4800}
[18Jul2022 09:16:28.201] [Server thread/WARN] [net.minecraft.server.level.ServerPlayerGameMode/]: Mismatch in destroy block pos: BlockPos{x=2903, y=78, z=-4793} BlockPos{x=2901, y=76, z=-4793}
[18Jul2022 09:16:54.538] [Server thread/INFO] [net.minecraft.server.network.ServerGamePacketListenerImpl/]: Serazee lost connection: Disconnected
[18Jul2022 09:16:54.538] [Server thread/INFO] [net.minecraft.server.MinecraftServer/]: Serazee left the game
[18Jul2022 11:39:17.113] [User Authenticator #87/INFO] [net.minecraft.server.network.ServerLoginPacketListenerImpl/]: UUID of player floorcarpet is 843bf4c4-6ac1-40dc-a890-3671302c2f5a
[18Jul2022 11:39:17.181] [Server thread/INFO] [net.minecraftforge.common.AdvancementLoadFix/]: Using new advancement loading for net.minecraft.server.PlayerAdvancements@76da6035
[18Jul2022 11:39:17.188] [Server thread/INFO] [net.minecraft.server.players.PlayerList/]: floorcarpet[/68.39.49.90:54491] logged in with entity id 643106 at (605.2755849722668, 72.0, -1018.1877131975949)
[18Jul2022 11:39:17.192] [Server thread/INFO] [net.minecraft.server.MinecraftServer/]: floorcarpet joined the game
[18Jul2022 11:53:54.990] [Server thread/WARN] [net.minecraft.server.level.ServerPlayerGameMode/]: Mismatch in destroy block pos: BlockPos{x=-142, y=66, z=-89} BlockPos{x=-143, y=65, z=-89}
[18Jul2022 12:01:25.191] [Server thread/INFO] [net.minecraft.server.MinecraftServer/]: floorcarpet has made the advancement [Those Were the Days]
[18Jul2022 12:01:48.595] [Server thread/WARN] [net.minecraft.server.level.ServerPlayerGameMode/]: Mismatch in destroy block pos: BlockPos{x=-234, y=85, z=63} BlockPos{x=-234, y=85, z=64}
[18Jul2022 12:03:22.629] [Server thread/INFO] [net.minecraft.server.MinecraftServer/]: floorcarpet was slain by Piglin Brute
[18Jul2022 12:14:28.939] [Server thread/INFO] [net.minecraft.server.MinecraftServer/]: floorcarpet has made the advancement [War Pigs]
[18Jul2022 12:14:45.293] [Server thread/INFO] [net.minecraft.server.MinecraftServer/]: floorcarpet has made the advancement [Who is Cutting Onions?]
[18Jul2022 12:15:08.203] [Server thread/INFO] [net.minecraft.server.MinecraftServer/]: floorcarpet has made the advancement [Ol' Betsy]
[18Jul2022 12:17:35.729] [Server thread/INFO] [net.minecraft.server.MinecraftServer/]: floorcarpet was slain by Hoglin
[18Jul2022 12:17:54.057] [Server thread/INFO] [net.minecraft.server.network.ServerGamePacketListenerImpl/]: floorcarpet lost connection: Disconnected
[18Jul2022 12:17:54.057] [Server thread/INFO] [net.minecraft.server.MinecraftServer/]: floorcarpet left the game
[18Jul2022 15:07:08.051] [User Authenticator #88/INFO] [net.minecraft.server.network.ServerLoginPacketListenerImpl/]: UUID of player Epicsalad23 is 1d2416c7-6512-460f-a236-d7a7956b96f6
[18Jul2022 15:07:08.134] [Server thread/INFO] [net.minecraftforge.common.AdvancementLoadFix/]: Using new advancement loading for net.minecraft.server.PlayerAdvancements@66230a27
[18Jul2022 15:07:08.142] [Server thread/INFO] [net.minecraft.server.players.PlayerList/]: Epicsalad23[/150.195.114.139:52850] logged in with entity id 653288 at (-970.3631586031895, 19.0, -522.6999999880791)
[18Jul2022 15:07:08.147] [Server thread/INFO] [net.minecraft.server.MinecraftServer/]: Epicsalad23 joined the game
[18Jul2022 15:18:38.933] [Server thread/INFO] [net.minecraft.server.network.ServerGamePacketListenerImpl/]: Epicsalad23 lost connection: Timed out
[18Jul2022 15:18:38.934] [Server thread/INFO] [net.minecraft.server.MinecraftServer/]: Epicsalad23 left the game
[18Jul2022 15:18:52.454] [User Authenticator #89/INFO] [net.minecraft.server.network.ServerLoginPacketListenerImpl/]: UUID of player Epicsalad23 is 1d2416c7-6512-460f-a236-d7a7956b96f6
[18Jul2022 15:18:52.533] [Server thread/INFO] [net.minecraftforge.common.AdvancementLoadFix/]: Using new advancement loading for net.minecraft.server.PlayerAdvancements@63f6ba2b
[18Jul2022 15:18:52.541] [Server thread/INFO] [net.minecraft.server.players.PlayerList/]: Epicsalad23[/150.195.114.139:53941] logged in with entity id 655285 at (-977.6999999880791, -20.0, -731.6999967743546)
[18Jul2022 15:18:52.545] [Server thread/INFO] [net.minecraft.server.MinecraftServer/]: Epicsalad23 joined the game
[18Jul2022 15:23:52.985] [Server thread/INFO] [net.minecraft.server.network.ServerGamePacketListenerImpl/]: Epicsalad23 lost connection: Disconnected
[18Jul2022 15:23:52.985] [Server thread/INFO] [net.minecraft.server.MinecraftServer/]: Epicsalad23 left the game
[18Jul2022 15:33:42.641] [User Authenticator #90/INFO] [net.minecraft.server.network.ServerLoginPacketListenerImpl/]: UUID of player floorcarpet is 843bf4c4-6ac1-40dc-a890-3671302c2f5a
[18Jul2022 15:33:42.730] [Server thread/INFO] [net.minecraftforge.common.AdvancementLoadFix/]: Using new advancement loading for net.minecraft.server.PlayerAdvancements@4674cd2e
[18Jul2022 15:33:42.738] [Server thread/INFO] [net.minecraft.server.players.PlayerList/]: floorcarpet[/68.39.49.90:64643] logged in with entity id 656296 at (551.9968101800972, 103.0, -1101.887558891612)
[18Jul2022 15:33:42.741] [Server thread/INFO] [net.minecraft.server.MinecraftServer/]: floorcarpet joined the game
[18Jul2022 15:34:14.442] [Server thread/INFO] [net.minecraft.server.MinecraftServer/]: floorcarpet fell from a high place
[18Jul2022 15:34:27.315] [Server thread/INFO] [net.minecraft.server.MinecraftServer/]: floorcarpet fell from a high place
[18Jul2022 15:35:03.197] [Server thread/INFO] [net.minecraft.server.MinecraftServer/]: floorcarpet fell from a high place
[18Jul2022 15:35:04.473] [Server thread/INFO] [net.minecraft.server.MinecraftServer/]: <Server> The server might chug a little more in a bit, Im trying something. Also are you good?!
[18Jul2022 15:35:15.367] [Server thread/INFO] [net.minecraft.server.MinecraftServer/]: floorcarpet fell from a high place
[18Jul2022 15:35:27.445] [Server thread/INFO] [net.minecraft.server.MinecraftServer/]: floorcarpet fell from a high place
[18Jul2022 15:35:39.494] [Server thread/INFO] [net.minecraft.server.MinecraftServer/]: floorcarpet fell from a high place
[18Jul2022 15:35:52.037] [Server thread/INFO] [net.minecraft.server.MinecraftServer/]: floorcarpet fell from a high place
[18Jul2022 15:36:04.237] [Server thread/INFO] [net.minecraft.server.MinecraftServer/]: floorcarpet fell from a high place
[18Jul2022 15:36:26.988] [Server thread/INFO] [net.minecraft.server.MinecraftServer/]: floorcarpet fell from a high place
[18Jul2022 15:36:34.648] [Server thread/INFO] [net.minecraft.server.MinecraftServer/]: floorcarpet fell from a high place
[18Jul2022 15:36:42.138] [Server thread/INFO] [net.minecraft.server.MinecraftServer/]: floorcarpet fell from a high place
[18Jul2022 15:36:49.991] [Server thread/INFO] [net.minecraft.server.MinecraftServer/]: floorcarpet fell from a high place
[18Jul2022 15:36:57.839] [Server thread/INFO] [net.minecraft.server.MinecraftServer/]: floorcarpet fell from a high place
[18Jul2022 15:37:11.938] [Server thread/INFO] [net.minecraft.server.MinecraftServer/]: floorcarpet fell from a high place
[18Jul2022 15:37:19.438] [Server thread/INFO] [net.minecraft.server.MinecraftServer/]: floorcarpet fell from a high place
[18Jul2022 15:37:27.295] [Server thread/INFO] [net.minecraft.server.MinecraftServer/]: floorcarpet fell from a high place
[18Jul2022 15:37:34.992] [Server thread/INFO] [net.minecraft.server.MinecraftServer/]: floorcarpet fell from a high place
[18Jul2022 15:37:42.714] [Server thread/INFO] [net.minecraft.server.MinecraftServer/]: floorcarpet fell from a high place
[18Jul2022 15:37:50.344] [Server thread/INFO] [net.minecraft.server.MinecraftServer/]: floorcarpet fell from a high place
[18Jul2022 15:37:57.689] [Server thread/INFO] [net.minecraft.server.MinecraftServer/]: floorcarpet fell from a high place
[18Jul2022 15:38:05.141] [Server thread/INFO] [net.minecraft.server.MinecraftServer/]: floorcarpet fell from a high place
[18Jul2022 15:38:13.032] [Server thread/INFO] [net.minecraft.server.MinecraftServer/]: floorcarpet fell from a high place
[18Jul2022 15:38:20.800] [Server thread/INFO] [net.minecraft.server.MinecraftServer/]: floorcarpet fell from a high place
[18Jul2022 15:38:40.537] [Server thread/INFO] [net.minecraft.server.MinecraftServer/]: floorcarpet fell from a high place
[18Jul2022 15:38:48.095] [Server thread/INFO] [net.minecraft.server.MinecraftServer/]: floorcarpet fell from a high place
[18Jul2022 15:38:56.340] [Server thread/INFO] [net.minecraft.server.MinecraftServer/]: floorcarpet fell from a high place
[18Jul2022 15:39:03.997] [Server thread/INFO] [net.minecraft.server.MinecraftServer/]: floorcarpet fell from a high place
[18Jul2022 15:39:11.491] [Server thread/INFO] [net.minecraft.server.MinecraftServer/]: floorcarpet fell from a high place
[18Jul2022 15:39:19.095] [Server thread/INFO] [net.minecraft.server.MinecraftServer/]: floorcarpet fell from a high place
[18Jul2022 15:39:26.892] [Server thread/INFO] [net.minecraft.server.MinecraftServer/]: floorcarpet fell from a high place
[18Jul2022 15:39:34.552] [Server thread/INFO] [net.minecraft.server.MinecraftServer/]: floorcarpet fell from a high place
[18Jul2022 15:39:43.892] [Server thread/INFO] [net.minecraft.server.MinecraftServer/]: floorcarpet fell from a high place
[18Jul2022 15:39:52.889] [Server thread/INFO] [net.minecraft.server.MinecraftServer/]: floorcarpet fell from a high place
[18Jul2022 15:40:00.842] [Server thread/INFO] [net.minecraft.server.MinecraftServer/]: floorcarpet fell from a high place
[18Jul2022 15:40:08.896] [Server thread/INFO] [net.minecraft.server.MinecraftServer/]: floorcarpet fell from a high place
[18Jul2022 15:40:16.648] [Server thread/INFO] [net.minecraft.server.MinecraftServer/]: floorcarpet fell from a high place
[18Jul2022 15:40:30.441] [Server thread/INFO] [net.minecraft.server.MinecraftServer/]: floorcarpet fell from a high place
[18Jul2022 15:40:46.944] [Server thread/INFO] [net.minecraft.server.MinecraftServer/]: floorcarpet fell from a high place
[18Jul2022 15:40:54.793] [Server thread/INFO] [net.minecraft.server.MinecraftServer/]: floorcarpet fell from a high place
[18Jul2022 15:41:07.640] [Server thread/INFO] [net.minecraft.server.MinecraftServer/]: floorcarpet fell from a high place
[18Jul2022 15:41:15.242] [Server thread/INFO] [net.minecraft.server.MinecraftServer/]: floorcarpet fell from a high place
[18Jul2022 15:41:23.243] [Server thread/INFO] [net.minecraft.server.MinecraftServer/]: floorcarpet fell from a high place
[18Jul2022 15:41:30.908] [Server thread/INFO] [net.minecraft.server.MinecraftServer/]: floorcarpet fell from a high place
[18Jul2022 15:41:45.393] [Server thread/INFO] [net.minecraft.server.MinecraftServer/]: floorcarpet fell from a high place
[18Jul2022 15:41:53.451] [Server thread/INFO] [net.minecraft.server.MinecraftServer/]: floorcarpet fell from a high place
[18Jul2022 15:42:01.193] [Server thread/INFO] [net.minecraft.server.MinecraftServer/]: floorcarpet fell from a high place
[18Jul2022 15:42:08.846] [Server thread/INFO] [net.minecraft.server.MinecraftServer/]: floorcarpet fell from a high place
[18Jul2022 15:42:16.366] [Server thread/INFO] [net.minecraft.server.MinecraftServer/]: floorcarpet fell from a high place
[18Jul2022 15:42:24.245] [Server thread/INFO] [net.minecraft.server.MinecraftServer/]: floorcarpet fell from a high place
[18Jul2022 15:42:31.661] [Server thread/INFO] [net.minecraft.server.MinecraftServer/]: floorcarpet fell from a high place
[18Jul2022 15:42:39.591] [Server thread/INFO] [net.minecraft.server.MinecraftServer/]: floorcarpet fell from a high place
[18Jul2022 15:42:47.140] [Server thread/INFO] [net.minecraft.server.MinecraftServer/]: floorcarpet fell from a high place
[18Jul2022 15:42:54.694] [Server thread/INFO] [net.minecraft.server.MinecraftServer/]: floorcarpet fell from a high place
[18Jul2022 15:43:02.399] [Server thread/INFO] [net.minecraft.server.MinecraftServer/]: floorcarpet fell from a high place
[18Jul2022 15:43:10.195] [Server thread/INFO] [net.minecraft.server.MinecraftServer/]: floorcarpet fell from a high place
[18Jul2022 15:43:20.051] [Server thread/INFO] [net.minecraft.server.MinecraftServer/]: floorcarpet fell from a high place
[18Jul2022 15:43:27.552] [Server thread/INFO] [net.minecraft.server.MinecraftServer/]: floorcarpet fell from a high place
[18Jul2022 15:43:35.247] [Server thread/INFO] [net.minecraft.server.MinecraftServer/]: floorcarpet fell from a high place
[18Jul2022 15:43:42.647] [Server thread/INFO] [net.minecraft.server.MinecraftServer/]: floorcarpet fell from a high place
[18Jul2022 15:43:51.698] [Server thread/INFO] [net.minecraft.server.MinecraftServer/]: floorcarpet fell from a high place
[18Jul2022 15:43:59.402] [Server thread/INFO] [net.minecraft.server.MinecraftServer/]: floorcarpet fell from a high place
[18Jul2022 15:44:08.046] [Server thread/INFO] [net.minecraft.server.MinecraftServer/]: floorcarpet fell from a high place
[18Jul2022 15:44:29.544] [Server thread/INFO] [net.minecraft.server.MinecraftServer/]: floorcarpet fell from a high place
[18Jul2022 15:44:36.906] [Server thread/INFO] [net.minecraft.server.MinecraftServer/]: floorcarpet fell from a high place
[18Jul2022 15:44:44.144] [Server thread/INFO] [net.minecraft.server.MinecraftServer/]: floorcarpet fell from a high place
[18Jul2022 15:44:54.892] [Server thread/INFO] [net.minecraft.server.MinecraftServer/]: floorcarpet fell from a high place
[18Jul2022 15:45:02.750] [Server thread/INFO] [net.minecraft.server.MinecraftServer/]: floorcarpet fell from a high place
[18Jul2022 15:45:10.648] [Server thread/INFO] [net.minecraft.server.MinecraftServer/]: floorcarpet fell from a high place
[18Jul2022 15:45:19.642] [Server thread/INFO] [net.minecraft.server.MinecraftServer/]: floorcarpet fell from a high place
[18Jul2022 15:45:27.493] [Server thread/INFO] [net.minecraft.server.MinecraftServer/]: floorcarpet fell from a high place
[18Jul2022 15:45:34.843] [Server thread/INFO] [net.minecraft.server.MinecraftServer/]: floorcarpet fell from a high place
[18Jul2022 15:45:42.195] [Server thread/INFO] [net.minecraft.server.MinecraftServer/]: floorcarpet fell from a high place
[18Jul2022 15:45:52.146] [Server thread/INFO] [net.minecraft.server.MinecraftServer/]: floorcarpet fell from a high place
[18Jul2022 15:45:59.893] [Server thread/INFO] [net.minecraft.server.MinecraftServer/]: floorcarpet fell from a high place
[18Jul2022 15:46:06.944] [Server thread/INFO] [net.minecraft.server.MinecraftServer/]: floorcarpet fell from a high place
[18Jul2022 15:46:14.544] [Server thread/INFO] [net.minecraft.server.MinecraftServer/]: floorcarpet fell from a high place
[18Jul2022 15:46:21.950] [Server thread/INFO] [net.minecraft.server.MinecraftServer/]: floorcarpet fell from a high place
[18Jul2022 15:46:26.775] [Server thread/INFO] [net.minecraft.server.MinecraftServer/]: <Server> Im cutting you off. I need to shut the server off for a bit, hopefully itll be back up in a few minutes
[18Jul2022 15:46:29.545] [Server thread/INFO] [net.minecraft.server.MinecraftServer/]: floorcarpet fell from a high place
[18Jul2022 15:46:38.593] [Server thread/INFO] [net.minecraft.server.MinecraftServer/]: floorcarpet fell from a high place
[18Jul2022 15:46:46.251] [Server thread/INFO] [net.minecraft.server.MinecraftServer/]: floorcarpet fell from a high place
[18Jul2022 15:46:51.644] [Server thread/INFO] [net.minecraft.server.MinecraftServer/]: Stopping the server
[18Jul2022 15:46:51.669] [Server thread/INFO] [net.minecraft.server.MinecraftServer/]: Stopping server
[18Jul2022 15:46:51.669] [Server thread/INFO] [net.minecraft.server.MinecraftServer/]: Saving players
[18Jul2022 15:46:51.681] [Server thread/INFO] [net.minecraft.server.MinecraftServer/]: Saving worlds
[18Jul2022 15:46:57.163] [Server thread/INFO] [net.minecraft.server.MinecraftServer/]: Saving chunks for level 'ServerLevel[world]'/minecraft:overworld
[18Jul2022 15:46:57.581] [Server thread/INFO] [net.minecraft.server.MinecraftServer/]: Saving chunks for level 'ServerLevel[world]'/minecraft:the_nether
[18Jul2022 15:46:57.582] [Server thread/INFO] [net.minecraft.server.MinecraftServer/]: Saving chunks for level 'ServerLevel[world]'/minecraft:the_end
[18Jul2022 15:46:57.606] [Server thread/INFO] [net.minecraft.server.MinecraftServer/]: ThreadedAnvilChunkStorage (world): All chunks are saved
[18Jul2022 15:46:57.606] [Server thread/INFO] [net.minecraft.server.MinecraftServer/]: ThreadedAnvilChunkStorage (DIM-1): All chunks are saved
[18Jul2022 15:46:57.606] [Server thread/INFO] [net.minecraft.server.MinecraftServer/]: ThreadedAnvilChunkStorage (DIM1): All chunks are saved
[18Jul2022 15:46:57.607] [Server thread/INFO] [net.minecraft.server.MinecraftServer/]: ThreadedAnvilChunkStorage: All dimensions are saved
